<?xml version="1.0" encoding="UTF-8"?>
<testsuite name="TestClass" tests="6" skipped="0" failures="0" errors="0" timestamp="2021-08-18T09:41:18" hostname="Navaneethakannans-MacBook-Pro.local" time="6.601">
  <properties/>
  <testcase name="shouldCreateUser" classname="TestClass" time="3.179"/>
  <testcase name="shouldDeleteUser" classname="TestClass" time="1.081"/>
  <testcase name="shouldGetListOfUsers" classname="TestClass" time="0.525"/>
  <testcase name="shouldGetSpecificUsers" classname="TestClass" time="0.308"/>
  <testcase name="shouldNotGetSpecificUsers" classname="TestClass" time="0.903"/>
  <testcase name="shouldUpdateUser" classname="TestClass" time="0.597"/>
  <system-out><![CDATA[Michael
Lindsay
Tobias
Byron
George
Rachel
]]></system-out>
  <system-err><![CDATA[]]></system-err>
</testsuite>
